<?xml version="1.0" encoding="UTF-8"?>
<!-- Generated by org.testng.reporters.JUnitReportReporter -->
<testsuite hostname="DESKTOP-6HS7B1V" failures="0" tests="2" name="practice_page.Test_Cases_Set_One" time="3.676" errors="0" timestamp="2024-05-01T12:51:16 CEST" skipped="0">
  <testcase classname="practice_page.Test_Cases_Set_One" name="case1" time="1.971"/>
  <testcase classname="practice_page.Test_Cases_Set_One" name="case2" time="1.705"/>
</testsuite> <!-- practice_page.Test_Cases_Set_One -->
