<?xml version="1.0" encoding="UTF-8"?>
<!-- Generated by org.testng.reporters.JUnitReportReporter -->
<testsuite hostname="DESKTOP-6HS7B1V" failures="0" tests="3" name="practice_page.Test_Cases_Set_Three" time="0.032" errors="0" timestamp="2024-05-01T12:51:16 CEST" skipped="0">
  <testcase classname="practice_page.Test_Cases_Set_Three" name="case1" time="0.032"/>
  <testcase classname="practice_page.Test_Cases_Set_Three" name="values" time="0.000"/>
  <testcase classname="practice_page.Test_Cases_Set_Three" name="values" time="0.000"/>
</testsuite> <!-- practice_page.Test_Cases_Set_Three -->
